Arguments: 
  C:\Program Files\nodejs\node.exe C:\Users\MZ\AppData\Roaming\npm\node_modules\yarn\bin\yarn.js add socket.io@2.2.0

PATH: 
  C:\Users\MZ\bin;C:\Program Files\Git\mingw64\bin;C:\Program Files\Git\usr\local\bin;C:\Program Files\Git\usr\bin;C:\Program Files\Git\usr\bin;C:\Program Files\Git\mingw64\bin;C:\Program Files\Git\usr\bin;C:\Users\MZ\bin;C:\Program Files (x86)\Microsoft SDKs\Azure\CLI2\wbin;C:\Program Files (x86)\VMware\VMware Player\bin;C:\ProgramData\Oracle\Java\javapath;C:\WINDOWS\system32;C:\WINDOWS;C:\WINDOWS\System32\Wbem;C:\WINDOWS\System32\WindowsPowerShell\v1.0;C:\WINDOWS\System32\OpenSSH;C:\Program Files (x86)\Brackets\command;C:\Program Files\Git\cmd;C:\Program Files\nodejs;C:\Program Files\heroku\bin;C:\Program Files (x86)\Bitvise SSH Client;C:\Users\MZ\AppData\Local\Programs\Python\Python39\Scripts;C:\Users\MZ\AppData\Local\Programs\Python\Python39;C:\Users\MZ\AppData\Local\Microsoft\WindowsApps;C:\Users\MZ\AppData\Local\Programs\Microsoft VS Code\bin;C:\Users\MZ\AppData\Roaming\npm;C:\Program Files\heroku\bin;C:\Program Files\Git\usr\bin\vendor_perl;C:\Program Files\Git\usr\bin\core_perl

Yarn version: 
  1.22.18

Node version: 
  16.13.2

Platform: 
  win32 x64

Trace: 
  Error: getaddrinfo ENOTFOUND registry.yarnpkg.com
      at GetAddrInfoReqWrap.onlookup [as oncomplete] (node:dns:71:26)

npm manifest: 
  {
  	"name": "websocket",
  	"version": "1.0.0",
  	"description": "",
  	"main": "server.js",
  	"scripts": {
  		"test": "echo \"Error: no test specified\" && exit 1",
  		"start": "nodemon server.js"
  	},
  	"author": "",
  	"license": "ISC",
  	"dependencies": {
  		"express": "4.17.1",
  		"socket.io": "^2.2.0"
  	},
  	"devDependencies": {
  		"nodemon": "^2.0.16"
  	}
  }

yarn manifest: 
  No manifest

Lockfile: 
  No lockfile
